# JRE version: OpenJDK Runtime Environment (15.0.1+9) (build 15.0.1+9-18)
# Java VM: OpenJDK 64-Bit Server VM (15.0.1+9-18, mixed mode, tiered, compressed oops, g1 gc, windows-amd64)
GC Precious Log:
 CPUs: 4 total, 4 available
 Memory: 7068M
 Large Page Support: Disabled
 NUMA Support: Disabled
 Compressed Oops: Enabled (32-bit)
 Heap Region Size: 1M
 Heap Min Capacity: 8M
 Heap Initial Capacity: 112M
 Heap Max Capacity: 1768M
 Pre-touch: Disabled
 Parallel Workers: 4
 Concurrent Workers: 1
 Concurrent Refinement Workers: 4
 Periodic GC: Disabled
Heap:
 garbage-first heap   total 229376K, used 64000K [0x0000000091800000, 0x0000000100000000)
  region size 1024K, 3 young (3072K), 3 survivors (3072K)
 Metaspace       used 3908K, capacity 4494K, committed 4864K, reserved 1056768K
  class space    used 320K, capacity 386K, committed 512K, reserved 1048576K
GC Heap History (9 events):
Event: 1.801 GC heap before
{Heap before GC invocations=0 (full 0):
 garbage-first heap   total 114688K, used 13312K [0x0000000091800000, 0x0000000100000000)
  region size 1024K, 13 young (13312K), 0 survivors (0K)
 Metaspace       used 3890K, capacity 4494K, committed 4864K, reserved 1056768K
  class space    used 320K, capacity 386K, committed 512K, reserved 1048576K
}
Event: 1.866 GC heap after
{Heap after GC invocations=1 (full 0):
 garbage-first heap   total 114688K, used 12932K [0x0000000091800000, 0x0000000100000000)
  region size 1024K, 2 young (2048K), 2 survivors (2048K)
 Metaspace       used 3890K, capacity 4494K, committed 4864K, reserved 1056768K
  class space    used 320K, capacity 386K, committed 512K, reserved 1048576K
}
Event: 1.945 GC heap before
{Heap before GC invocations=1 (full 0):
 garbage-first heap   total 114688K, used 20100K [0x0000000091800000, 0x0000000100000000)
  region size 1024K, 9 young (9216K), 2 survivors (2048K)
 Metaspace       used 3895K, capacity 4494K, committed 4864K, reserved 1056768K
  class space    used 320K, capacity 386K, committed 512K, reserved 1048576K
}
Event: 1.977 GC heap after
{Heap after GC invocations=2 (full 0):
 garbage-first heap   total 114688K, used 20480K [0x0000000091800000, 0x0000000100000000)
  region size 1024K, 2 young (2048K), 2 survivors (2048K)
 Metaspace       used 3895K, capacity 4494K, committed 4864K, reserved 1056768K
  class space    used 320K, capacity 386K, committed 512K, reserved 1048576K
}
Event: 2.248 GC heap before
{Heap before GC invocations=2 (full 0):
 garbage-first heap   total 114688K, used 30720K [0x0000000091800000, 0x0000000100000000)
  region size 1024K, 12 young (12288K), 2 survivors (2048K)
 Metaspace       used 3907K, capacity 4494K, committed 4864K, reserved 1056768K
  class space    used 320K, capacity 386K, committed 512K, reserved 1048576K
}
Event: 2.297 GC heap after
{Heap after GC invocations=3 (full 0):
 garbage-first heap   total 114688K, used 31232K [0x0000000091800000, 0x0000000100000000)
  region size 1024K, 2 young (2048K), 2 survivors (2048K)
 Metaspace       used 3907K, capacity 4494K, committed 4864K, reserved 1056768K
  class space    used 320K, capacity 386K, committed 512K, reserved 1048576K
}
Event: 2.550 GC heap before
{Heap before GC invocations=3 (full 0):
 garbage-first heap   total 114688K, used 47616K [0x0000000091800000, 0x0000000100000000)
  region size 1024K, 18 young (18432K), 2 survivors (2048K)
 Metaspace       used 3908K, capacity 4494K, committed 4864K, reserved 1056768K
  class space    used 320K, capacity 386K, committed 512K, reserved 1048576K
}
Event: 2.622 GC heap after
{Heap after GC invocations=4 (full 0):
 garbage-first heap   total 114688K, used 48128K [0x0000000091800000, 0x0000000100000000)
  region size 1024K, 3 young (3072K), 3 survivors (3072K)
 Metaspace       used 3908K, capacity 4494K, committed 4864K, reserved 1056768K
  class space    used 320K, capacity 386K, committed 512K, reserved 1048576K
}
Event: 2.743 GC heap before
{Heap before GC invocations=4 (full 0):
 garbage-first heap   total 114688K, used 63488K [0x0000000091800000, 0x0000000100000000)
  region size 1024K, 18 young (18432K), 3 survivors (3072K)
 Metaspace       used 3908K, capacity 4494K, committed 4864K, reserved 1056768K
  class space    used 320K, capacity 386K, committed 512K, reserved 1048576K
}

